<?xml version="1.0" encoding="UTF-8"?>
<!-- Generated by org.testng.reporters.JUnitReportReporter -->
<testsuite skipped="0" hostname="LAPTOP-EL8R5NGD" name="com.hub.testcases.Contactstest" tests="2" failures="0" timestamp="10 Nov 2019 06:58:08 GMT" time="203.951" errors="0">
  <testcase name="addcontacts" time="131.854" classname="com.hub.testcases.Contactstest"/>
  <testcase name="addcontacts" time="72.097" classname="com.hub.testcases.Contactstest"/>
</testsuite> <!-- com.hub.testcases.Contactstest -->
