<?xml version="1.0" encoding="UTF-8"?>
<!-- Generated by org.testng.reporters.JUnitReportReporter -->
<testsuite skipped="0" hostname="LAPTOP-EL8R5NGD" name="com.hub.testcases.Homepagetest" tests="2" failures="0" timestamp="07 Oct 2019 08:22:38 GMT" time="70.245" errors="0">
  <testcase name="valiateusername" time="39.559" classname="com.hub.testcases.Homepagetest"/>
  <testcase name="contactspage" time="30.686" classname="com.hub.testcases.Homepagetest"/>
</testsuite> <!-- com.hub.testcases.Homepagetest -->
